04/28/2022 11:29:41 AM restart.py[line:24]INFO - hello
04/28/2022 11:29:41 AM restart.py[line:25]INFO - /home/ruijunfeng/works/fusion/d2ham/log/restart.log
04/28/2022 12:02:59 PM restart.py[line:24]INFO - hello
04/28/2022 12:02:59 PM restart.py[line:25]INFO - /home/ruijunfeng/works/fusion/d2ham/log/restart.log
04/28/2022 12:04:51 PM restart.py[line:24]INFO - hello
04/28/2022 12:04:51 PM restart.py[line:25]INFO - /home/ruijunfeng/works/fusion/d2ham/log/restart.log
04/28/2022 12:04:51 PM restart.py[line:46]INFO - hello restart.py
04/28/2022 12:07:28 PM restart.py[line:24]INFO - hello
04/28/2022 12:07:28 PM restart.py[line:25]INFO - /home/ruijunfeng/works/fusion/d2ham/log/restart.log
04/28/2022 12:07:28 PM restart.py[line:46]INFO - hello restart.py
04/28/2022 12:17:28 PM restart.py[line:51]INFO - heart_beat 10min
04/28/2022 12:27:31 PM restart.py[line:51]INFO - heart_beat 10min
04/28/2022 12:32:35 PM restart.py[line:24]INFO - hello
04/28/2022 12:32:35 PM restart.py[line:25]INFO - /home/ruijunfeng/works/fusion/d2ham/log/restart.log
04/28/2022 12:32:35 PM restart.py[line:46]INFO - hello restart.py
04/28/2022 12:32:45 PM restart.py[line:81]INFO - ruijunf+  41035  2.0  2.6 464260 19364 pts/2    Sl+  12:32   0:00 /usr/bin/python3 ./daemon.py
04/28/2022 12:32:45 PM restart.py[line:70]INFO - 已杀死pid为41035的进程,　返回值是:None
04/28/2022 12:32:45 PM restart.py[line:56]INFO - target restart.....
04/28/2022 12:33:48 PM restart.py[line:81]INFO - ruijunf+  41155  5.0  2.6 464244 19080 pts/2    Sl+  12:33   0:00 /usr/bin/python3 ./daemon.py
04/28/2022 12:33:48 PM restart.py[line:70]INFO - 已杀死pid为41155的进程,　返回值是:None
04/28/2022 12:33:48 PM restart.py[line:56]INFO - target restart.....
04/28/2022 12:33:49 PM restart.py[line:24]INFO - hello
04/28/2022 12:33:49 PM restart.py[line:25]INFO - /home/ruijunfeng/works/fusion/d2ham/log/restart.log
04/28/2022 12:33:49 PM restart.py[line:46]INFO - hello restart.py
04/28/2022 12:34:04 PM restart.py[line:81]INFO - ruijunf+  41181 10.0  2.6 464244 19356 pts/2    Sl+  12:34   0:00 /usr/bin/python3 ./daemon.py
04/28/2022 12:34:04 PM restart.py[line:70]INFO - 已杀死pid为41181的进程,　返回值是:None
04/28/2022 12:34:04 PM restart.py[line:56]INFO - target restart.....
04/28/2022 12:34:04 PM restart.py[line:24]INFO - hello
04/28/2022 12:34:04 PM restart.py[line:25]INFO - /home/ruijunfeng/works/fusion/d2ham/log/restart.log
04/28/2022 12:34:04 PM restart.py[line:46]INFO - hello restart.py
04/28/2022 12:34:14 PM restart.py[line:81]INFO - ruijunf+  41200  2.8  2.5 464244 18788 pts/2    Sl+  12:34   0:00 /usr/bin/python3 ./daemon.py
04/28/2022 12:34:14 PM restart.py[line:70]INFO - 已杀死pid为41200的进程,　返回值是:None
04/28/2022 12:34:14 PM restart.py[line:56]INFO - target restart.....
04/28/2022 12:34:14 PM restart.py[line:24]INFO - hello
04/28/2022 12:34:14 PM restart.py[line:25]INFO - /home/ruijunfeng/works/fusion/d2ham/log/restart.log
04/28/2022 12:34:14 PM restart.py[line:46]INFO - hello restart.py
04/28/2022 12:35:11 PM restart.py[line:81]INFO - ruijunf+  41270  5.5  2.5 464248 18792 pts/2    Sl+  12:35   0:00 /usr/bin/python3 ./daemon.py
04/28/2022 12:35:11 PM restart.py[line:70]INFO - 已杀死pid为41270的进程,　返回值是:None
04/28/2022 12:35:11 PM restart.py[line:56]INFO - target restart.....
04/28/2022 12:35:11 PM restart.py[line:24]INFO - hello
04/28/2022 12:35:11 PM restart.py[line:25]INFO - /home/ruijunfeng/works/fusion/d2ham/log/restart.log
04/28/2022 12:35:11 PM restart.py[line:46]INFO - hello restart.py
04/28/2022 12:35:13 PM restart.py[line:24]INFO - hello
04/28/2022 12:35:13 PM restart.py[line:25]INFO - /home/ruijunfeng/works/fusion/d2ham/log/restart.log
04/28/2022 12:35:13 PM restart.py[line:46]INFO - hello restart.py
04/28/2022 12:35:16 PM restart.py[line:81]INFO - ruijunf+  41294  0.0  2.6 464248 18964 pts/2    Sl+  12:35   0:00 /usr/bin/python3 ./daemon.py
04/28/2022 12:35:16 PM restart.py[line:70]INFO - 已杀死pid为41294的进程,　返回值是:None
04/28/2022 12:35:16 PM restart.py[line:56]INFO - target restart.....
04/28/2022 12:35:17 PM restart.py[line:24]INFO - hello
04/28/2022 12:35:17 PM restart.py[line:25]INFO - /home/ruijunfeng/works/fusion/d2ham/log/restart.log
04/28/2022 12:35:17 PM restart.py[line:46]INFO - hello restart.py
04/28/2022 12:35:21 PM restart.py[line:81]INFO - ruijunf+  41313  4.2  2.6 464248 19080 pts/2    Sl+  12:35   0:00 /usr/bin/python3 ./daemon.py
04/28/2022 12:35:21 PM restart.py[line:70]INFO - 已杀死pid为41313的进程,　返回值是:None
04/28/2022 12:35:21 PM restart.py[line:56]INFO - target restart.....
04/28/2022 12:35:21 PM restart.py[line:24]INFO - hello
04/28/2022 12:35:21 PM restart.py[line:25]INFO - /home/ruijunfeng/works/fusion/d2ham/log/restart.log
04/28/2022 12:35:21 PM restart.py[line:46]INFO - hello restart.py
04/28/2022 12:35:50 PM restart.py[line:81]INFO - ruijunf+  41412  5.0  2.5 464244 18668 pts/2    Sl+  12:35   0:00 /usr/bin/python3 ./daemon.py
04/28/2022 12:35:50 PM restart.py[line:70]INFO - 已杀死pid为41412的进程,　返回值是:None
04/28/2022 12:35:50 PM restart.py[line:56]INFO - target restart.....
04/28/2022 12:35:50 PM restart.py[line:24]INFO - hello
04/28/2022 12:35:50 PM restart.py[line:25]INFO - /home/ruijunfeng/works/fusion/d2ham/log/restart.log
04/28/2022 12:35:50 PM restart.py[line:46]INFO - hello restart.py
04/28/2022 12:36:01 PM restart.py[line:81]INFO - ruijunf+  41452  4.5  2.5 464244 18652 pts/2    Sl+  12:35   0:00 /usr/bin/python3 ./daemon.py
04/28/2022 12:36:01 PM restart.py[line:70]INFO - 已杀死pid为41452的进程,　返回值是:None
04/28/2022 12:36:01 PM restart.py[line:56]INFO - daemon.py restart.....
04/28/2022 01:43:24 PM restart.py[line:24]INFO - hello
04/28/2022 01:43:24 PM restart.py[line:25]INFO - /home/ruijunfeng/works/fusion/d2ham/log/restart.log
04/28/2022 01:43:24 PM restart.py[line:46]INFO - hello restart.py
04/28/2022 01:44:38 PM restart.py[line:81]INFO - ruijunf+  43767 25.6  2.6 464248 18924 pts/2    Sl+  13:44   0:03 /usr/bin/python3 ./daemon.py
04/28/2022 01:44:38 PM restart.py[line:81]INFO - ruijunf+  43767 25.6  2.6 464248 18924 pts/2    Sl+  13:44   0:03 /usr/bin/python3 ./daemon.py
04/28/2022 01:44:38 PM restart.py[line:81]INFO - ruijunf+  43767 24.0  2.6 464248 18924 pts/2    Sl+  13:44   0:03 /usr/bin/python3 ./daemon.py
04/28/2022 01:44:38 PM restart.py[line:81]INFO - ruijunf+  43767 25.6  2.6 464248 18924 pts/2    Sl+  13:44   0:03 /usr/bin/python3 ./daemon.py
04/28/2022 01:44:38 PM restart.py[line:81]INFO - ruijunf+  43767 24.0  2.6 464248 18924 pts/2    Sl+  13:44   0:03 /usr/bin/python3 ./daemon.py
04/28/2022 01:44:38 PM restart.py[line:81]INFO - ruijunf+  43767 25.6  2.6 464248 18924 pts/2    Sl+  13:44   0:03 /usr/bin/python3 ./daemon.py
04/28/2022 01:44:38 PM restart.py[line:81]INFO - ruijunf+  43767 24.0  2.6 464248 18924 pts/2    Sl+  13:44   0:03 /usr/bin/python3 ./daemon.py
04/28/2022 01:44:38 PM restart.py[line:70]INFO - 已杀死pid为43767的进程,　返回值是:None
04/28/2022 01:44:38 PM restart.py[line:70]INFO - 已杀死pid为43767的进程,　返回值是:None
04/28/2022 01:44:38 PM restart.py[line:70]INFO - 已杀死pid为43767的进程,　返回值是:None
04/28/2022 01:44:38 PM restart.py[line:70]INFO - 已杀死pid为43767的进程,　返回值是:None
04/28/2022 01:44:38 PM restart.py[line:70]INFO - 已杀死pid为43767的进程,　返回值是:None
04/28/2022 01:44:38 PM restart.py[line:73]INFO - No such process
04/28/2022 01:44:38 PM restart.py[line:51]INFO - heart_beat 10min
04/28/2022 01:44:38 PM restart.py[line:56]INFO - daemon.py restart.....
04/28/2022 01:44:38 PM restart.py[line:56]INFO - target restart.....
04/28/2022 01:44:38 PM restart.py[line:56]INFO - target restart.....
04/28/2022 01:44:38 PM restart.py[line:51]INFO - heart_beat 10min
04/28/2022 01:44:38 PM restart.py[line:56]INFO - target restart.....
04/28/2022 01:44:38 PM restart.py[line:51]INFO - heart_beat 10min
04/28/2022 01:44:38 PM restart.py[line:51]INFO - heart_beat 10min
04/28/2022 01:44:38 PM restart.py[line:56]INFO - target restart.....
04/28/2022 01:44:38 PM restart.py[line:51]INFO - heart_beat 10min
04/28/2022 01:44:38 PM restart.py[line:73]INFO - No such process
04/28/2022 01:44:38 PM restart.py[line:51]INFO - heart_beat 10min
04/28/2022 01:44:38 PM restart.py[line:24]INFO - hello
04/28/2022 01:44:38 PM restart.py[line:25]INFO - /home/ruijunfeng/works/fusion/d2ham/log/restart.log
04/28/2022 01:44:38 PM restart.py[line:46]INFO - hello restart.py
04/28/2022 01:44:48 PM restart.py[line:81]INFO - ruijunf+  44977 20.0  2.6 398712 19512 pts/2    Sl+  13:44   0:00 /usr/bin/python3 ./daemon.py
04/28/2022 01:44:48 PM restart.py[line:81]INFO - ruijunf+  44977 20.0  2.6 398712 19512 pts/2    Sl+  13:44   0:00 /usr/bin/python3 ./daemon.py
04/28/2022 01:44:48 PM restart.py[line:81]INFO - ruijunf+  44977 20.0  2.6 398712 19512 pts/2    Sl+  13:44   0:00 /usr/bin/python3 ./daemon.py
04/28/2022 01:44:48 PM restart.py[line:81]INFO - ruijunf+  44977 20.0  2.6 398712 19512 pts/2    Sl+  13:44   0:00 /usr/bin/python3 ./daemon.py
04/28/2022 01:44:48 PM restart.py[line:81]INFO - ruijunf+  44977 20.0  2.6 398712 19512 pts/2    Sl+  13:44   0:00 /usr/bin/python3 ./daemon.py
04/28/2022 01:44:48 PM restart.py[line:81]INFO - ruijunf+  44977 20.0  2.6 398712 19512 pts/2    Sl+  13:44   0:00 /usr/bin/python3 ./daemon.py
04/28/2022 01:44:48 PM restart.py[line:73]INFO - No such process
04/28/2022 01:44:48 PM restart.py[line:70]INFO - 已杀死pid为44977的进程,　返回值是:None
04/28/2022 01:44:48 PM restart.py[line:73]INFO - No such process
04/28/2022 01:44:48 PM restart.py[line:73]INFO - No such process
04/28/2022 01:44:48 PM restart.py[line:73]INFO - No such process
04/28/2022 01:44:48 PM restart.py[line:73]INFO - No such process
04/28/2022 01:44:48 PM restart.py[line:56]INFO - daemon.py restart.....
04/28/2022 01:46:30 PM restart.py[line:81]INFO - ruijunf+  45436  0.0  2.6 464244 18996 pts/2    Sl+  13:46   0:00 /usr/bin/python3 ./daemon.py
04/28/2022 01:46:30 PM restart.py[line:81]INFO - ruijunf+  45436  0.0  2.6 464244 18996 pts/2    Sl+  13:46   0:00 /usr/bin/python3 ./daemon.py
04/28/2022 01:46:30 PM restart.py[line:70]INFO - 已杀死pid为45436的进程,　返回值是:None
04/28/2022 01:46:31 PM restart.py[line:73]INFO - No such process
04/28/2022 01:46:31 PM restart.py[line:56]INFO - target restart.....
04/28/2022 01:46:30 PM restart.py[line:81]INFO - ruijunf+  45436  0.0  2.6 464244 18996 pts/2    Sl+  13:46   0:00 /usr/bin/python3 ./daemon.py
04/28/2022 01:46:31 PM restart.py[line:73]INFO - No such process
04/28/2022 01:46:31 PM restart.py[line:24]INFO - hello
04/28/2022 01:46:31 PM restart.py[line:25]INFO - /home/ruijunfeng/works/fusion/d2ham/log/restart.log
04/28/2022 01:46:31 PM restart.py[line:46]INFO - hello restart.py
04/28/2022 01:49:07 PM restart.py[line:81]INFO - ruijunf+  45621 13.0  2.6 464256 19348 pts/2    Sl+  13:49   0:00 /usr/bin/python3 ./daemon.py
04/28/2022 01:49:07 PM restart.py[line:81]INFO - ruijunf+  45621 13.0  2.6 464256 19348 pts/2    Sl+  13:49   0:00 /usr/bin/python3 ./daemon.py
04/28/2022 01:49:07 PM restart.py[line:82]INFO - ruijunf+  45621 13.0  2.6 464256 19348 pts/2    Sl+  13:49   0:00 /usr/bin/python3 ./daemon.py
04/28/2022 01:49:07 PM restart.py[line:70]INFO - 已杀死pid为45621的进程,　返回值是:None
04/28/2022 01:49:07 PM restart.py[line:81]INFO - ruijunf+  45621 13.0  2.6 464256 19348 pts/2    Sl+  13:49   0:00 /usr/bin/python3 ./daemon.py
04/28/2022 01:49:07 PM restart.py[line:56]INFO - target restart.....
04/28/2022 01:49:07 PM restart.py[line:73]INFO - No such process
04/28/2022 01:49:07 PM restart.py[line:73]INFO - No such process
04/28/2022 01:49:07 PM restart.py[line:73]INFO - No such process
04/28/2022 01:49:07 PM restart.py[line:24]INFO - hello
04/28/2022 01:49:07 PM restart.py[line:25]INFO - /home/ruijunfeng/works/fusion/d2ham/log/restart.log
04/28/2022 01:49:07 PM restart.py[line:46]INFO - hello restart.py
04/28/2022 01:53:24 PM restart.py[line:82]INFO - ruijunf+  45940  0.0  2.6 464244 19372 pts/2    Sl+  13:53   0:00 /usr/bin/python3 ./daemon.py
04/28/2022 01:53:24 PM restart.py[line:70]INFO - 已杀死pid为45940的进程,　返回值是:None
04/28/2022 01:53:24 PM restart.py[line:56]INFO - daemon.py restart.....
04/28/2022 01:59:45 PM restart.py[line:24]INFO - hello
04/28/2022 01:59:45 PM restart.py[line:25]INFO - /home/ruijunfeng/works/fusion/d2ham/log/restart.log
04/28/2022 01:59:45 PM restart.py[line:46]INFO - hello restart.py
04/28/2022 02:58:18 PM restart.py[line:24]INFO - hello
04/28/2022 02:58:18 PM restart.py[line:25]INFO - /home/ruijunfeng/works/fusion/d2ham/log/restart.log
04/28/2022 02:58:18 PM restart.py[line:46]INFO - hello restart.py
04/28/2022 02:58:28 PM restart.py[line:82]INFO - ruijunf+  49228  2.3  2.7 464236 19848 pts/2    Sl+  14:58   0:00 /usr/bin/python3 ./daemon.py
04/28/2022 02:58:28 PM restart.py[line:70]INFO - 已杀死pid为49228的进程,　返回值是:None
04/28/2022 02:58:28 PM restart.py[line:56]INFO - daemon.py restart.....
04/28/2022 03:01:12 PM restart.py[line:24]INFO - hello
04/28/2022 03:01:12 PM restart.py[line:25]INFO - /home/ruijunfeng/works/fusion/d2ham/log/restart.log
04/28/2022 03:01:12 PM restart.py[line:46]INFO - hello restart.py
04/28/2022 03:01:22 PM restart.py[line:83]INFO - ruijunf+  49440  1.7  2.7 464252 19856 pts/2    Sl+  15:01   0:00 /usr/bin/python3 ./daemon.py
04/28/2022 03:01:22 PM restart.py[line:71]INFO - 已杀死pid为49440的进程,　返回值是:None
04/28/2022 03:01:22 PM restart.py[line:56]INFO - daemon.py restart.....
04/28/2022 03:01:57 PM restart.py[line:24]INFO - hello
04/28/2022 03:01:57 PM restart.py[line:25]INFO - /home/ruijunfeng/works/fusion/d2ham/log/restart.log
04/28/2022 03:01:57 PM restart.py[line:46]INFO - hello restart.py
04/28/2022 03:12:36 PM restart.py[line:24]INFO - hello
04/28/2022 03:12:36 PM restart.py[line:25]INFO - /home/ruijunfeng/works/fusion/d2ham/log/restart.log
04/28/2022 03:12:36 PM restart.py[line:46]INFO - hello restart.py
04/28/2022 03:12:54 PM restart.py[line:24]INFO - hello
04/28/2022 03:12:54 PM restart.py[line:25]INFO - /home/ruijunfeng/works/fusion/d2ham/log/restart.log
04/28/2022 03:12:54 PM restart.py[line:46]INFO - hello restart.py
04/28/2022 03:13:04 PM restart.py[line:83]INFO - ruijunf+  50194  2.0  2.6 464240 19004 pts/2    Sl+  15:12   0:00 /usr/bin/python3 ./daemon.py
04/28/2022 03:13:04 PM restart.py[line:71]INFO - 已杀死pid为50194的进程,　返回值是:None
04/28/2022 03:13:04 PM restart.py[line:56]INFO - daemon.py restart.....
04/28/2022 03:13:39 PM restart.py[line:24]INFO - hello
04/28/2022 03:13:39 PM restart.py[line:25]INFO - /home/ruijunfeng/works/fusion/d2ham/log/restart.log
04/28/2022 03:13:39 PM restart.py[line:46]INFO - hello restart.py
04/28/2022 03:13:49 PM restart.py[line:83]INFO - ruijunf+  50217  1.6  2.5 464240 18772 pts/1    Sl   15:13   0:00 /usr/bin/python3 ./daemon.py
04/28/2022 03:13:49 PM restart.py[line:71]INFO - 已杀死pid为50217的进程,　返回值是:None
04/28/2022 03:13:49 PM restart.py[line:56]INFO - daemon.py restart.....
04/28/2022 03:51:40 PM restart.py[line:24]INFO - hello
04/28/2022 03:51:40 PM restart.py[line:25]INFO - /home/ruijunfeng/works/fusion/d2ham/log/restart.log
04/28/2022 03:51:40 PM restart.py[line:46]INFO - hello restart.py
04/28/2022 03:51:50 PM restart.py[line:82]INFO - ruijunf+  52398  1.7  2.6 464240 19320 pts/2    Sl+  15:51   0:00 /usr/bin/python3 daemon.py
04/28/2022 03:51:50 PM restart.py[line:71]INFO - 已杀死pid为52398的进程,　返回值是:None
04/28/2022 03:51:50 PM restart.py[line:56]INFO - daemon.py restart.....
04/28/2022 03:52:00 PM restart.py[line:24]INFO - hello
04/28/2022 03:52:00 PM restart.py[line:25]INFO - /home/ruijunfeng/works/fusion/d2ham/log/restart.log
04/28/2022 03:52:00 PM restart.py[line:46]INFO - hello restart.py
04/28/2022 03:52:10 PM restart.py[line:82]INFO - ruijunf+  52426  1.9  2.5 464240 18856 pts/1    Sl   15:51   0:00 /usr/bin/python3 daemon.py
04/28/2022 03:52:10 PM restart.py[line:71]INFO - 已杀死pid为52426的进程,　返回值是:None
04/28/2022 03:52:10 PM restart.py[line:56]INFO - daemon.py restart.....
04/28/2022 04:06:18 PM restart.py[line:24]INFO - hello
04/28/2022 04:06:18 PM restart.py[line:25]INFO - /home/ruijunfeng/works/fusion/d2ham/log/restart.log
04/28/2022 04:06:18 PM restart.py[line:46]INFO - hello restart.py
04/28/2022 04:16:19 PM restart.py[line:52]INFO - heart_beat 10min
04/28/2022 04:26:20 PM restart.py[line:52]INFO - heart_beat 10min
04/28/2022 04:36:20 PM restart.py[line:52]INFO - heart_beat 10min
04/28/2022 04:46:21 PM restart.py[line:52]INFO - heart_beat 10min
04/28/2022 04:56:21 PM restart.py[line:52]INFO - heart_beat 10min
04/28/2022 05:06:22 PM restart.py[line:52]INFO - heart_beat 10min
04/28/2022 05:16:23 PM restart.py[line:52]INFO - heart_beat 10min
04/28/2022 05:26:23 PM restart.py[line:52]INFO - heart_beat 10min
04/28/2022 05:36:24 PM restart.py[line:52]INFO - heart_beat 10min
04/28/2022 05:46:24 PM restart.py[line:52]INFO - heart_beat 10min
04/28/2022 05:56:25 PM restart.py[line:52]INFO - heart_beat 10min
04/28/2022 06:06:25 PM restart.py[line:52]INFO - heart_beat 10min
04/28/2022 06:16:26 PM restart.py[line:52]INFO - heart_beat 10min
04/28/2022 06:26:27 PM restart.py[line:52]INFO - heart_beat 10min
04/28/2022 06:36:27 PM restart.py[line:52]INFO - heart_beat 10min
04/28/2022 06:46:28 PM restart.py[line:52]INFO - heart_beat 10min
04/28/2022 06:56:28 PM restart.py[line:52]INFO - heart_beat 10min
04/28/2022 07:06:29 PM restart.py[line:52]INFO - heart_beat 10min
04/28/2022 07:16:29 PM restart.py[line:52]INFO - heart_beat 10min
04/28/2022 07:26:30 PM restart.py[line:52]INFO - heart_beat 10min
04/28/2022 07:36:30 PM restart.py[line:52]INFO - heart_beat 10min
04/28/2022 07:46:31 PM restart.py[line:52]INFO - heart_beat 10min
04/28/2022 07:56:32 PM restart.py[line:52]INFO - heart_beat 10min
04/28/2022 08:06:32 PM restart.py[line:52]INFO - heart_beat 10min
04/28/2022 08:16:33 PM restart.py[line:52]INFO - heart_beat 10min
04/28/2022 08:26:33 PM restart.py[line:52]INFO - heart_beat 10min
04/28/2022 08:36:34 PM restart.py[line:52]INFO - heart_beat 10min
04/28/2022 08:46:34 PM restart.py[line:52]INFO - heart_beat 10min
04/28/2022 08:56:35 PM restart.py[line:52]INFO - heart_beat 10min
04/28/2022 09:06:35 PM restart.py[line:52]INFO - heart_beat 10min
04/28/2022 09:16:36 PM restart.py[line:52]INFO - heart_beat 10min
04/28/2022 09:26:36 PM restart.py[line:52]INFO - heart_beat 10min
04/28/2022 09:36:37 PM restart.py[line:52]INFO - heart_beat 10min
04/28/2022 09:46:38 PM restart.py[line:52]INFO - heart_beat 10min
04/28/2022 09:56:38 PM restart.py[line:52]INFO - heart_beat 10min
04/28/2022 10:06:39 PM restart.py[line:52]INFO - heart_beat 10min
04/28/2022 10:16:39 PM restart.py[line:52]INFO - heart_beat 10min
04/28/2022 10:26:40 PM restart.py[line:52]INFO - heart_beat 10min
04/28/2022 10:36:41 PM restart.py[line:52]INFO - heart_beat 10min
04/28/2022 10:46:41 PM restart.py[line:52]INFO - heart_beat 10min
